<?xml version="1.0" encoding="UTF-8"?>
<!-- Generated by org.testng.reporters.JUnitReportReporter -->
<testsuite hostname="DESKTOP-73H5LBP" failures="0" tests="2" name="example.RegularExpressionGroupTest" time="0.008" errors="0" timestamp="2021-06-07T19:10:22 GMT-03:00" skipped="0">
  <testcase classname="example.RegularExpressionGroupTest" name="testMethodTwo" time="0.001"/>
  <system-out/>
  <testcase classname="example.RegularExpressionGroupTest" name="testMethodOne" time="0.007"/>
  <system-out/>
</testsuite> <!-- example.RegularExpressionGroupTest -->
