<?xml version="1.0" encoding="UTF-8"?>
<!-- Generated by org.testng.reporters.JUnitReportReporter -->
<testsuite hostname="DESKTOP-73H5LBP" failures="0" tests="2" name="example.RegularExpressionGroupTest" time="0,004" errors="0" timestamp="18 Jun 2021 14:44:04 GMT">
  <testcase classname="example.RegularExpressionGroupTest" name="testMethodOne" time="0,004"/>
  <testcase classname="example.RegularExpressionGroupTest" name="testMethodTwo" time="0,000"/>
</testsuite>
