<?xml version="1.0" encoding="UTF-8"?>
<!-- Generated by org.testng.reporters.JUnitReportReporter -->
<testsuite hostname="DESKTOP-73H5LBP" failures="0" tests="2" name="example.RegularExpressionGroupTest" time="0,005" errors="0" timestamp="17 Jun 2021 23:35:48 GMT">
  <testcase classname="example.RegularExpressionGroupTest" name="testMethodOne" time="0,005"/>
  <testcase classname="example.RegularExpressionGroupTest" name="testMethodTwo" time="0,000"/>
</testsuite>
